<?xml version="1.0" encoding="UTF-8"?>
<!-- Generated by org.testng.reporters.JUnitReportReporter -->
<testsuite hostname="madmax" failures="0" tests="1" name="testCases.testDynamicDataLoading" time="15.888" errors="0" timestamp="2024-01-27T20:58:04 IST" skipped="0">
  <testcase classname="testCases.testDynamicDataLoading" name="DataIsLoaded" time="15.888"/>
  <system-out/>
</testsuite> <!-- testCases.testDynamicDataLoading -->
