<?xml version="1.0" encoding="UTF-8"?>
<!-- Generated by org.testng.reporters.JUnitReportReporter -->
<testsuite hostname="madmax" failures="0" tests="3" name="testCases.testDropDownSearchDemoPage" time="21.853" errors="0" timestamp="2024-01-27T20:58:04 IST" skipped="0">
  <testcase classname="testCases.testDropDownSearchDemoPage" name="SelectState" time="9.300"/>
  <system-out/>
  <testcase classname="testCases.testDropDownSearchDemoPage" name="SelectCountry" time="4.110"/>
  <system-out/>
  <testcase classname="testCases.testDropDownSearchDemoPage" name="SelectFile" time="8.443"/>
  <system-out/>
</testsuite> <!-- testCases.testDropDownSearchDemoPage -->
