<?xml version="1.0" encoding="UTF-8"?>
<!-- Generated by org.testng.reporters.JUnitReportReporter -->
<testsuite hostname="DESKTOP-3689HFM" failures="0" tests="1" name="pages.testHandelWindowsPage" time="15.082" errors="0" timestamp="2023-10-18T13:16:18 IST" skipped="0">
  <testcase classname="pages.testHandelWindowsPage" name="handelWindow" time="15.082"/>
  <system-out/>
</testsuite> <!-- pages.testHandelWindowsPage -->
