<?xml version="1.0" encoding="UTF-8"?>
<!-- Generated by org.testng.reporters.JUnitReportReporter -->
<testsuite hostname="madmax" failures="0" tests="1" name="testCases.testSliderDemoPage" time="6.819" errors="0" timestamp="2024-01-27T20:58:04 IST" skipped="0">
  <testcase classname="testCases.testSliderDemoPage" name="testSlider" time="6.819"/>
  <system-out/>
</testsuite> <!-- testCases.testSliderDemoPage -->
