<?xml version="1.0" encoding="UTF-8"?>
<!-- Generated by org.testng.reporters.JUnitReportReporter -->
<testsuite hostname="madmax" failures="0" tests="3" name="testCases.testCheckboxPage" time="30.684" errors="0" timestamp="2024-02-02T14:04:11 IST" skipped="0">
  <testcase classname="testCases.testCheckboxPage" name="MutlipleCheckBox" time="9.777"/>
  <system-out/>
  <testcase classname="testCases.testCheckboxPage" name="DisableCheckBoxDemo" time="11.163"/>
  <system-out/>
  <testcase classname="testCases.testCheckboxPage" name="SingleCheckBoxDemo" time="9.744"/>
  <system-out/>
</testsuite> <!-- testCases.testCheckboxPage -->
