<?xml version="1.0" encoding="UTF-8"?>
<!-- Generated by org.testng.reporters.JUnitReportReporter -->
<testsuite hostname="madmax" failures="0" tests="2" name="testCases.testDragAndDrop" time="29.486" errors="0" timestamp="2024-01-27T20:58:04 IST" skipped="0">
  <testcase classname="testCases.testDragAndDrop" name="dragAndDropDemo1" time="13.109"/>
  <system-out/>
  <testcase classname="testCases.testDragAndDrop" name="dragAndDropDemo2" time="16.377"/>
  <system-out/>
</testsuite> <!-- testCases.testDragAndDrop -->
