<?xml version="1.0" encoding="UTF-8"?>
<!-- Generated by org.testng.reporters.JUnitReportReporter -->
<testsuite hostname="DESKTOP-3689HFM" failures="0" tests="1" name="testCases.playgroundTest" time="30.404" errors="0" timestamp="2023-10-15T20:05:47 IST" skipped="0">
  <testcase classname="testCases.playgroundTest" name="homepageImage_isDisplayed" time="30.404"/>
  <system-out/>
</testsuite> <!-- testCases.playgroundTest -->
