<?xml version="1.0" encoding="UTF-8"?>
<!-- Generated by org.testng.reporters.JUnitReportReporter -->
<testsuite hostname="Abhi" failures="0" tests="1" name="testCases.testDynamicDataLoading" time="8.489" errors="0" timestamp="2024-11-07T15:53:49 IST" skipped="0">
  <testcase classname="testCases.testDynamicDataLoading" name="DataIsLoaded" time="8.489"/>
  <system-out/>
</testsuite> <!-- testCases.testDynamicDataLoading -->
