<?xml version="1.0" encoding="UTF-8"?>
<!-- Generated by org.testng.reporters.JUnitReportReporter -->
<testsuite hostname="Abhi" failures="0" tests="1" name="testCases.testSliderDemoPage" time="2.220" errors="0" timestamp="2024-11-07T15:53:49 IST" skipped="0">
  <testcase classname="testCases.testSliderDemoPage" name="testSlider" time="2.220"/>
  <system-out/>
</testsuite> <!-- testCases.testSliderDemoPage -->
