<?xml version="1.0" encoding="UTF-8"?>
<!-- Generated by org.testng.reporters.JUnitReportReporter -->
<testsuite hostname="Abhi" failures="0" tests="3" name="testCases.testDropDownSearchDemoPage" time="6.333" errors="0" timestamp="2024-11-07T15:53:49 IST" skipped="0">
  <testcase classname="testCases.testDropDownSearchDemoPage" name="SelectCountry" time="2.084"/>
  <system-out/>
  <testcase classname="testCases.testDropDownSearchDemoPage" name="SelectFile" time="2.122"/>
  <system-out/>
  <testcase classname="testCases.testDropDownSearchDemoPage" name="SelectState" time="2.127"/>
  <system-out/>
</testsuite> <!-- testCases.testDropDownSearchDemoPage -->
