<?xml version="1.0" encoding="UTF-8"?>
<!-- Generated by org.testng.reporters.JUnitReportReporter -->
<testsuite hostname="Abhi" failures="0" tests="2" name="testCases.testDragAndDrop" time="5.128" errors="0" timestamp="2024-11-07T15:53:49 IST" skipped="0">
  <testcase classname="testCases.testDragAndDrop" name="dragAndDropDemo2" time="2.376"/>
  <system-out/>
  <testcase classname="testCases.testDragAndDrop" name="dragAndDropDemo1" time="2.752"/>
  <system-out/>
</testsuite> <!-- testCases.testDragAndDrop -->
